build/outputs/logs/manifest-merger-debug-report.txt
-- Merging decision tree log ---
manifest
ADDED from AndroidManifest.xml:2:1
	package
		ADDED from AndroidManifest.xml:4:33
	android:versionName
		ADDED from AndroidManifest.xml:4:7
	android:versionCode
		ADDED from AndroidManifest.xml:3:7
		INJECTED from AndroidManifest.xml:0:0
		INJECTED from AndroidManifest.xml:0:0
	xmlns:android
		ADDED from AndroidManifest.xml:2:11
uses-sdk
ADDED from AndroidManifest.xml:5:5
	android:minSdkVersion
		ADDED from AndroidManifest.xml:5:15
uses-permission#android.permission.INTERNET
ADDED from AndroidManifest.xml:6:5
	android:name
		ADDED from AndroidManifest.xml:6:22
application
ADDED from AndroidManifest.xml:8:5
	android:label
		ADDED from AndroidManifest.xml:8:62
	android:icon
		ADDED from AndroidManifest.xml:8:18
activity#org.jointheleague.iaroc.Dashboard
ADDED from AndroidManifest.xml:9:9
	android:label
		ADDED from AndroidManifest.xml:9:19
	android:name
		ADDED from AndroidManifest.xml:9:52
intent-filter#android.intent.action.MAIN+android.intent.category.LAUNCHER
ADDED from AndroidManifest.xml:10:13
action#android.intent.action.MAIN
ADDED from AndroidManifest.xml:11:17
	android:name
		ADDED from AndroidManifest.xml:11:25
category#android.intent.category.LAUNCHER
ADDED from AndroidManifest.xml:12:17
	android:name
		ADDED from AndroidManifest.xml:12:27